Processing 7 files
Start Processing: de/labymod/lennart/Main.java
New Key: class net/labymod/settings/elements/ControlElement
Import: com.google.gson.Gson
Import: de.labymod.lennart.config.AddonConfig
Import: de.labymod.lennart.listener.MessageEnemyReceiveListener
Import: de.labymod.lennart.listener.TablistHeaderListener
Import: de.labymod.lennart.modules.Enemy
Import: de.labymod.lennart.modules.Kit
Import: de.labymod.lennart.modules.Server
Import: net.labymod.api.LabyModAddon
Import: net.labymod.ingamegui.ModuleCategory
Import: net.labymod.ingamegui.ModuleCategoryRegistry
Import: net.labymod.settings.elements.ControlElement
Import: net.labymod.settings.elements.SettingsElement
Import: net.minecraft.util.ResourceLocation
Adding 1 imports
        java.util.List
End  Processing: de/labymod/lennart/Main.java

Start Processing: de/labymod/lennart/config/AddonConfig.java
FOUND CONSTR method de/labymod/lennart/config/AddonConfig/AddonConfig ()V de/labymod/lennart/config/AddonConfig
Import: com.google.common.io.Resources
Import: de.labymod.lennart.Main
Adding 5 imports
        java.io.IOException
        java.net.URL
        java.nio.charset.StandardCharsets
        java.util.ArrayList
        java.util.List
End  Processing: de/labymod/lennart/config/AddonConfig.java

Start Processing: de/labymod/lennart/listener/MessageEnemyReceiveListener.java
Import: de.labymod.lennart.Main
Import: net.labymod.api.events.MessageReceiveEvent
End  Processing: de/labymod/lennart/listener/MessageEnemyReceiveListener.java

Start Processing: de/labymod/lennart/listener/TablistHeaderListener.java
Import: de.labymod.lennart.Main
Import: net.labymod.api.events.TabListEvent
Adding 1 imports
        net.labymod.api.events.TabListEvent.Type
End  Processing: de/labymod/lennart/listener/TablistHeaderListener.java

Start Processing: de/labymod/lennart/modules/Enemy.java
New Key: class net/labymod/settings/elements/ControlElement
New Key: class net/labymod/settings/elements/ControlElement
Import: de.labymod.lennart.Main
Import: de.labymod.lennart.listener.MessageEnemyReceiveListener
Import: net.labymod.ingamegui.ModuleCategory
Import: net.labymod.ingamegui.moduletypes.SimpleModule
Import: net.labymod.settings.elements.ControlElement
Import: net.minecraft.util.ResourceLocation
End  Processing: de/labymod/lennart/modules/Enemy.java

Start Processing: de/labymod/lennart/modules/Kit.java
New Key: class net/labymod/settings/elements/ControlElement
New Key: class net/labymod/settings/elements/ControlElement
Import: de.labymod.lennart.Main
Import: de.labymod.lennart.listener.MessageEnemyReceiveListener
Import: net.labymod.ingamegui.ModuleCategory
Import: net.labymod.ingamegui.moduletypes.SimpleModule
Import: net.labymod.settings.elements.ControlElement
Import: net.minecraft.util.ResourceLocation
End  Processing: de/labymod/lennart/modules/Kit.java

Start Processing: de/labymod/lennart/modules/Server.java
New Key: class net/labymod/settings/elements/ControlElement
New Key: class net/labymod/settings/elements/ControlElement
Import: de.labymod.lennart.Main
Import: net.labymod.ingamegui.ModuleCategory
Import: net.labymod.ingamegui.moduletypes.SimpleModule
Import: net.labymod.settings.elements.ControlElement
Import: net.minecraft.util.ResourceLocation
End  Processing: de/labymod/lennart/modules/Server.java

